FILE_TYPE=LIBRARY_PARTS;
PRIMITIVE 'CR123A_PC','CR123A_PC_Other';
  PIN
    '-':
      PIN_NUMBER='(1)';
      NO_LOAD_CHECK=BOTH;
      NO_IO_CHECK=BOTH;
      ALLOW_CONNECT=TRUE;
      PINUSE='UNSPEC';
    '+':
      PIN_NUMBER='(2)';
      NO_LOAD_CHECK=BOTH;
      NO_IO_CHECK=BOTH;
      ALLOW_CONNECT=TRUE;
      PINUSE='UNSPEC';
    'MH1':
      PIN_NUMBER='(MH1)';
      NO_LOAD_CHECK=BOTH;
      NO_IO_CHECK=BOTH;
      ALLOW_CONNECT=TRUE;
      PINUSE='UNSPEC';
    'MH2':
      PIN_NUMBER='(MH2)';
      NO_LOAD_CHECK=BOTH;
      NO_IO_CHECK=BOTH;
      ALLOW_CONNECT=TRUE;
      PINUSE='UNSPEC';
  END_PIN;
  BODY
    PART_NAME='CR123A_PC';
    PHYS_DES_PREFIX='U';
    NO_LOAD_CHECK='TRUE';
    PIN_COUNT='4';
    BODY_NAME='CR123A_PC';
    JEDEC_TYPE='CR123APC';
  END_BODY;
END_PRIMITIVE;
END.
